-------------------------------------------------------------------------------
Test set: com.howtodoinjava.JerseyJSONP.Test.EmployeesTest
-------------------------------------------------------------------------------
Tests run: 2, Failures: 2, Errors: 0, Skipped: 0, Time elapsed: 0.005 sec <<< FAILURE! - in com.howtodoinjava.JerseyJSONP.Test.EmployeesTest
testSetEmployeeList(com.howtodoinjava.JerseyJSONP.Test.EmployeesTest)  Time elapsed: 0.005 sec  <<< FAILURE!
java.lang.AssertionError: Not yet implemented
	at com.howtodoinjava.JerseyJSONP.Test.EmployeesTest.testSetEmployeeList(EmployeesTest.java:16)

testGetEmployeeList(com.howtodoinjava.JerseyJSONP.Test.EmployeesTest)  Time elapsed: 0.004 sec  <<< FAILURE!
java.lang.AssertionError: Not yet implemented
	at com.howtodoinjava.JerseyJSONP.Test.EmployeesTest.testGetEmployeeList(EmployeesTest.java:11)

