-------------------------------------------------------------------------------
Test set: com.howtodoinjava.JerseyJSONP.Test.JerseyJSONPTest
-------------------------------------------------------------------------------
Tests run: 2, Failures: 2, Errors: 0, Skipped: 0, Time elapsed: 0.006 sec <<< FAILURE! - in com.howtodoinjava.JerseyJSONP.Test.JerseyJSONPTest
testUpdateEmployeeById(com.howtodoinjava.JerseyJSONP.Test.JerseyJSONPTest)  Time elapsed: 0.003 sec  <<< FAILURE!
java.lang.AssertionError: Not yet implemented
	at com.howtodoinjava.JerseyJSONP.Test.JerseyJSONPTest.testUpdateEmployeeById(JerseyJSONPTest.java:31)

testGetAllEmployees(com.howtodoinjava.JerseyJSONP.Test.JerseyJSONPTest)  Time elapsed: 0 sec  <<< FAILURE!
java.lang.AssertionError: Not yet implemented
	at com.howtodoinjava.JerseyJSONP.Test.JerseyJSONPTest.testGetAllEmployees(JerseyJSONPTest.java:23)

